2026-06-27T15:31:39.575Z - RAW: {"deviceId":"esp32_test_local","m1":1500,"m2":2000,"m3":2500,"m4":3000,"m5":3200,"temp":24.5,"hum":40.2,"waterLevel":45}
2026-06-27T15:34:48.094Z - RAW: this is not JSON
2026-07-03T16:20:42.709Z - RAW: {"deviceId":"esp32_test_local","m1":1500,"m2":2000,"m3":2500,"m4":3000,"m5":3200,"temp":24.5,"hum":40.2,"waterLevel":45}
2026-07-03T16:39:17.397Z - RAW: {"deviceId":"esp32_test_local","m1":1500,"m2":2000,"m3":2500,"m4":3000,"m5":3200,"temp":24.5,"hum":40.2,"waterLevel":45}
2026-07-04T08:09:09.460Z - RAW: {"deviceId":"esp32_test_local","m1":1500,"m2":2000,"m3":2500,"m4":3000,"m5":3200,"temp":24.5,"hum":40.2,"waterLevel":45}
2026-07-04T08:13:13.443Z - RAW: {"deviceId":"esp32_test_local","m1":1500,"m2":2000,"m3":2500,"m4":3000,"m5":3200,"temp":24.5,"hum":40.2,"waterLevel":45}
2026-07-04T14:58:01.790Z - RAW: {"deviceId":"esp32_test_local","m1":1500,"m2":2000,"m3":2500,"m4":3000,"m5":3200,"temp":24.5,"hum":40.2,"waterLevel":45}
2026-07-04T14:58:21.182Z - RAW: {"deviceId":"esp32_test_local","m1":1500,"m2":2000,"m3":2500,"m4":3000,"m5":3200,"temp":24.5,"hum":40.2,"waterLevel":45}
2026-07-04T16:13:46.015Z - RAW: {"deviceId":"esp32_test_local","readings":[{"sensorId":8,"value":20}]}
2026-07-04T16:13:47.196Z - RAW: {"deviceId":"esp32_test_local","readings":[{"sensorId":8,"value":90}]}
2026-07-04T16:13:57.527Z - RAW: {"deviceId":"esp32_test_local","readings":[{"sensorId":8,"value":20}]}
2026-07-04T16:13:58.358Z - RAW: {"deviceId":"esp32_test_local","readings":[{"sensorId":8,"value":90}]}
2026-07-04T16:14:17.716Z - RAW: {"deviceId":"esp32_test_local","readings":[{"sensorId":8,"value":20}]}
2026-07-04T16:14:18.658Z - RAW: {"deviceId":"esp32_test_local","readings":[{"sensorId":8,"value":90}]}
2026-07-05T10:35:58.968Z - RAW: {"deviceId":"esp32_test_local","readings":[{"sensorId":8,"value":20}]}
2026-07-05T10:35:59.783Z - RAW: {"deviceId":"esp32_test_local","readings":[{"sensorId":8,"value":90}]}
2026-07-05T10:54:43.336Z - RAW: {"deviceId":"esp32_test_local","readings":[{"sensorId":8,"value":20}]}
2026-07-05T10:54:44.156Z - RAW: {"deviceId":"esp32_test_local","readings":[{"sensorId":8,"value":90}]}
2026-07-05T11:10:47.617Z - RAW: {"deviceId":"esp32_test_local","readings":[{"sensorId":8,"value":20}]}
2026-07-05T11:10:48.326Z - RAW: {"deviceId":"esp32_test_local","readings":[{"sensorId":8,"value":90}]}
2026-07-05T11:38:22.313Z - RAW: {"deviceId":"esp32_test_local","readings":[{"sensorId":8,"value":20}]}
2026-07-05T11:38:23.211Z - RAW: {"deviceId":"esp32_test_local","readings":[{"sensorId":8,"value":90}]}
2026-07-05T14:27:18.814Z - RAW: {"deviceId":"esp32_test_local","readings":[{"sensorId":8,"value":20}]}
2026-07-05T14:27:19.525Z - RAW: {"deviceId":"esp32_test_local","readings":[{"sensorId":8,"value":90}]}
2026-07-06T09:16:00.139Z - RAW: {"deviceId":"esp32_test_local","readings":[{"sensorId":8,"value":20}]}
2026-07-06T09:16:01.017Z - RAW: {"deviceId":"esp32_test_local","readings":[{"sensorId":8,"value":90}]}
2026-07-06T09:18:52.070Z - RAW: 
2026-07-06T09:18:52.087Z - RAW: {"deviceId":"esp32_test_local","readings":[{"sensorId":99999,"value":50}]}
2026-07-06T09:18:52.490Z - RAW: {"deviceId":"esp32_stress_client","readings":[{"sensorId":1,"value":1500},{"sensorId":8,"value":50}]}
2026-07-06T09:18:52.499Z - RAW: {"deviceId":"esp32_stress_client","readings":[{"sensorId":1,"value":1510},{"sensorId":8,"value":50}]}
2026-07-06T09:18:52.501Z - RAW: {"deviceId":"esp32_stress_client","readings":[{"sensorId":1,"value":1520},{"sensorId":8,"value":50}]}
2026-07-06T09:18:52.504Z - RAW: {"deviceId":"esp32_stress_client","readings":[{"sensorId":1,"value":1530},{"sensorId":8,"value":50}]}
2026-07-06T09:18:52.507Z - RAW: {"deviceId":"esp32_stress_client","readings":[{"sensorId":1,"value":1540},{"sensorId":8,"value":50}]}
2026-07-06T09:18:52.510Z - RAW: {"deviceId":"esp32_stress_client","readings":[{"sensorId":1,"value":1550},{"sensorId":8,"value":50}]}
2026-07-06T09:18:52.512Z - RAW: {"deviceId":"esp32_stress_client","readings":[{"sensorId":1,"value":1560},{"sensorId":8,"value":50}]}
2026-07-06T09:18:52.515Z - RAW: {"deviceId":"esp32_stress_client","readings":[{"sensorId":1,"value":1570},{"sensorId":8,"value":50}]}
2026-07-06T09:18:52.526Z - RAW: {"deviceId":"esp32_stress_client","readings":[{"sensorId":1,"value":1580},{"sensorId":8,"value":50}]}
2026-07-06T09:18:52.536Z - RAW: {"deviceId":"esp32_stress_client","readings":[{"sensorId":1,"value":1590},{"sensorId":8,"value":50}]}
2026-07-06T09:18:52.549Z - RAW: {"deviceId":"esp32_stress_client","readings":[{"sensorId":1,"value":1600},{"sensorId":8,"value":50}]}
2026-07-06T09:18:52.566Z - RAW: {"deviceId":"esp32_stress_client","readings":[{"sensorId":1,"value":1610},{"sensorId":8,"value":50}]}
2026-07-06T09:18:52.570Z - RAW: {"deviceId":"esp32_stress_client","readings":[{"sensorId":1,"value":1620},{"sensorId":8,"value":50}]}
2026-07-06T09:18:52.574Z - RAW: {"deviceId":"esp32_stress_client","readings":[{"sensorId":1,"value":1630},{"sensorId":8,"value":50}]}
2026-07-06T09:18:52.582Z - RAW: {"deviceId":"esp32_stress_client","readings":[{"sensorId":1,"value":1640},{"sensorId":8,"value":50}]}
2026-07-06T09:18:52.586Z - RAW: {"deviceId":"esp32_stress_client","readings":[{"sensorId":1,"value":1650},{"sensorId":8,"value":50}]}
2026-07-06T09:18:52.589Z - RAW: {"deviceId":"esp32_stress_client","readings":[{"sensorId":1,"value":1660},{"sensorId":8,"value":50}]}
2026-07-06T09:18:52.594Z - RAW: {"deviceId":"esp32_stress_client","readings":[{"sensorId":1,"value":1670},{"sensorId":8,"value":50}]}
2026-07-06T09:18:52.598Z - RAW: {"deviceId":"esp32_stress_client","readings":[{"sensorId":1,"value":1680},{"sensorId":8,"value":50}]}
2026-07-06T09:18:52.603Z - RAW: {"deviceId":"esp32_stress_client","readings":[{"sensorId":1,"value":1690},{"sensorId":8,"value":50}]}
2026-07-06T09:18:52.608Z - RAW: {"deviceId":"esp32_stress_client","readings":[{"sensorId":1,"value":1700},{"sensorId":8,"value":50}]}
2026-07-06T09:18:52.613Z - RAW: {"deviceId":"esp32_stress_client","readings":[{"sensorId":1,"value":1710},{"sensorId":8,"value":50}]}
2026-07-06T09:18:52.619Z - RAW: {"deviceId":"esp32_stress_client","readings":[{"sensorId":1,"value":1720},{"sensorId":8,"value":50}]}
2026-07-06T09:18:52.624Z - RAW: {"deviceId":"esp32_stress_client","readings":[{"sensorId":1,"value":1730},{"sensorId":8,"value":50}]}
2026-07-06T09:18:52.629Z - RAW: {"deviceId":"esp32_stress_client","readings":[{"sensorId":1,"value":1740},{"sensorId":8,"value":50}]}
2026-07-06T09:18:52.636Z - RAW: {"deviceId":"esp32_stress_client","readings":[{"sensorId":1,"value":1750},{"sensorId":8,"value":50}]}
2026-07-06T09:18:52.644Z - RAW: {"deviceId":"esp32_stress_client","readings":[{"sensorId":1,"value":1760},{"sensorId":8,"value":50}]}
2026-07-06T09:18:52.651Z - RAW: {"deviceId":"esp32_stress_client","readings":[{"sensorId":1,"value":1770},{"sensorId":8,"value":50}]}
2026-07-06T09:18:52.659Z - RAW: {"deviceId":"esp32_stress_client","readings":[{"sensorId":1,"value":1780},{"sensorId":8,"value":50}]}
2026-07-06T09:18:52.667Z - RAW: {"deviceId":"esp32_stress_client","readings":[{"sensorId":1,"value":1790},{"sensorId":8,"value":50}]}
2026-07-06T09:18:52.679Z - RAW: {"deviceId":"esp32_stress_client","readings":[{"sensorId":1,"value":1800},{"sensorId":8,"value":50}]}
2026-07-06T09:18:52.689Z - RAW: {"deviceId":"esp32_stress_client","readings":[{"sensorId":1,"value":1810},{"sensorId":8,"value":50}]}
2026-07-06T09:18:52.696Z - RAW: {"deviceId":"esp32_stress_client","readings":[{"sensorId":1,"value":1820},{"sensorId":8,"value":50}]}
2026-07-06T09:18:52.705Z - RAW: {"deviceId":"esp32_stress_client","readings":[{"sensorId":1,"value":1830},{"sensorId":8,"value":50}]}
2026-07-06T09:18:52.709Z - RAW: {"deviceId":"esp32_stress_client","readings":[{"sensorId":1,"value":1840},{"sensorId":8,"value":50}]}
2026-07-06T09:18:52.715Z - RAW: {"deviceId":"esp32_stress_client","readings":[{"sensorId":1,"value":1850},{"sensorId":8,"value":50}]}
2026-07-06T09:18:52.724Z - RAW: {"deviceId":"esp32_stress_client","readings":[{"sensorId":1,"value":1860},{"sensorId":8,"value":50}]}
2026-07-06T09:18:52.733Z - RAW: {"deviceId":"esp32_stress_client","readings":[{"sensorId":1,"value":1870},{"sensorId":8,"value":50}]}
2026-07-06T09:18:52.745Z - RAW: {"deviceId":"esp32_stress_client","readings":[{"sensorId":1,"value":1880},{"sensorId":8,"value":50}]}
2026-07-06T09:18:52.752Z - RAW: {"deviceId":"esp32_stress_client","readings":[{"sensorId":1,"value":1890},{"sensorId":8,"value":50}]}
2026-07-06T09:18:52.758Z - RAW: {"deviceId":"esp32_stress_client","readings":[{"sensorId":1,"value":1900},{"sensorId":8,"value":50}]}
2026-07-06T09:18:52.764Z - RAW: {"deviceId":"esp32_stress_client","readings":[{"sensorId":1,"value":1910},{"sensorId":8,"value":50}]}
2026-07-06T09:18:52.772Z - RAW: {"deviceId":"esp32_stress_client","readings":[{"sensorId":1,"value":1920},{"sensorId":8,"value":50}]}
2026-07-06T09:18:52.781Z - RAW: {"deviceId":"esp32_stress_client","readings":[{"sensorId":1,"value":1930},{"sensorId":8,"value":50}]}
2026-07-06T09:18:52.791Z - RAW: {"deviceId":"esp32_stress_client","readings":[{"sensorId":1,"value":1940},{"sensorId":8,"value":50}]}
2026-07-06T09:18:52.807Z - RAW: {"deviceId":"esp32_stress_client","readings":[{"sensorId":1,"value":1950},{"sensorId":8,"value":50}]}
2026-07-06T09:18:52.819Z - RAW: {"deviceId":"esp32_stress_client","readings":[{"sensorId":1,"value":1960},{"sensorId":8,"value":50}]}
2026-07-06T09:18:52.830Z - RAW: {"deviceId":"esp32_stress_client","readings":[{"sensorId":1,"value":1970},{"sensorId":8,"value":50}]}
2026-07-06T09:18:52.839Z - RAW: {"deviceId":"esp32_stress_client","readings":[{"sensorId":1,"value":1980},{"sensorId":8,"value":50}]}
2026-07-06T09:18:52.844Z - RAW: {"deviceId":"esp32_stress_client","readings":[{"sensorId":1,"value":1990},{"sensorId":8,"value":50}]}
2026-07-06T10:06:24.005Z - RAW: {"deviceId":"esp32_test_local","readings":[{"sensorId":8,"value":20}]}
2026-07-06T10:06:25.001Z - RAW: {"deviceId":"esp32_test_local","readings":[{"sensorId":8,"value":90}]}
